{"/Users/astursadeth/multiversa-lab/portality/lib/supabase.ts": {"path":"/Users/astursadeth/multiversa-lab/portality/lib/supabase.ts","statementMap":{"0":{"start":{"line":5,"column":21},"end":{"line":5,"column":null}},"1":{"start":{"line":6,"column":21},"end":{"line":6,"column":null}},"2":{"start":{"line":8,"column":13},"end":{"line":13,"column":null}}},"fnMap":{},"branchMap":{},"s":{"0":1,"1":1,"2":1},"f":{},"b":{},"meta":{"lastBranch":0,"lastFunction":0,"lastStatement":3,"seen":{"s:5:21:5:Infinity":0,"s:6:21:6:Infinity":1,"s:8:13:13:Infinity":2}}}
,"/Users/astursadeth/multiversa-lab/portality/services/geminiService.ts": {"path":"/Users/astursadeth/multiversa-lab/portality/services/geminiService.ts","statementMap":{"0":{"start":{"line":35,"column":29},"end":{"line":35,"column":null}},"1":{"start":{"line":59,"column":4},"end":{"line":59,"column":null}},"2":{"start":{"line":60,"column":4},"end":{"line":60,"column":null}},"3":{"start":{"line":61,"column":4},"end":{"line":61,"column":null}},"4":{"start":{"line":64,"column":8},"end":{"line":64,"column":null}},"5":{"start":{"line":68,"column":23},"end":{"line":68,"column":null}},"6":{"start":{"line":69,"column":8},"end":{"line":75,"column":null}},"7":{"start":{"line":70,"column":12},"end":{"line":70,"column":null}},"8":{"start":{"line":71,"column":12},"end":{"line":74,"column":null}},"9":{"start":{"line":79,"column":8},"end":{"line":79,"column":null}},"10":{"start":{"line":86,"column":8},"end":{"line":89,"column":null}},"11":{"start":{"line":87,"column":12},"end":{"line":87,"column":null}},"12":{"start":{"line":88,"column":12},"end":{"line":88,"column":null}},"13":{"start":{"line":88,"column":29},"end":{"line":88,"column":null}},"14":{"start":{"line":92,"column":32},"end":{"line":92,"column":null}},"15":{"start":{"line":93,"column":8},"end":{"line":133,"column":null}},"16":{"start":{"line":94,"column":33},"end":{"line":106,"column":null}},"17":{"start":{"line":112,"column":33},"end":{"line":112,"column":null}},"18":{"start":{"line":113,"column":12},"end":{"line":113,"column":null}},"19":{"start":{"line":113,"column":34},"end":{"line":113,"column":null}},"20":{"start":{"line":114,"column":12},"end":{"line":114,"column":null}},"21":{"start":{"line":114,"column":52},"end":{"line":114,"column":null}},"22":{"start":{"line":115,"column":12},"end":{"line":115,"column":null}},"23":{"start":{"line":115,"column":37},"end":{"line":115,"column":null}},"24":{"start":{"line":117,"column":12},"end":{"line":119,"column":null}},"25":{"start":{"line":118,"column":16},"end":{"line":118,"column":null}},"26":{"start":{"line":121,"column":12},"end":{"line":126,"column":null}},"27":{"start":{"line":122,"column":34},"end":{"line":122,"column":null}},"28":{"start":{"line":123,"column":16},"end":{"line":123,"column":null}},"29":{"start":{"line":123,"column":49},"end":{"line":123,"column":null}},"30":{"start":{"line":124,"column":16},"end":{"line":124,"column":null}},"31":{"start":{"line":124,"column":52},"end":{"line":124,"column":null}},"32":{"start":{"line":125,"column":16},"end":{"line":125,"column":null}},"33":{"start":{"line":125,"column":42},"end":{"line":125,"column":null}},"34":{"start":{"line":128,"column":12},"end":{"line":132,"column":null}},"35":{"start":{"line":129,"column":16},"end":{"line":129,"column":null}},"36":{"start":{"line":131,"column":16},"end":{"line":131,"column":null}},"37":{"start":{"line":136,"column":8},"end":{"line":139,"column":null}},"38":{"start":{"line":141,"column":8},"end":{"line":189,"column":null}},"39":{"start":{"line":143,"column":25},"end":{"line":145,"column":null}},"40":{"start":{"line":148,"column":27},"end":{"line":148,"column":null}},"41":{"start":{"line":149,"column":33},"end":{"line":149,"column":null}},"42":{"start":{"line":152,"column":12},"end":{"line":155,"column":null}},"43":{"start":{"line":158,"column":46},"end":{"line":158,"column":null}},"44":{"start":{"line":160,"column":12},"end":{"line":165,"column":null}},"45":{"start":{"line":167,"column":12},"end":{"line":167,"column":null}},"46":{"start":{"line":170,"column":33},"end":{"line":170,"column":null}},"47":{"start":{"line":171,"column":12},"end":{"line":178,"column":null}},"48":{"start":{"line":172,"column":35},"end":{"line":172,"column":null}},"49":{"start":{"line":173,"column":16},"end":{"line":173,"column":null}},"50":{"start":{"line":173,"column":32},"end":{"line":173,"column":null}},"51":{"start":{"line":175,"column":16},"end":{"line":175,"column":null}},"52":{"start":{"line":176,"column":16},"end":{"line":176,"column":null}},"53":{"start":{"line":177,"column":16},"end":{"line":177,"column":null}},"54":{"start":{"line":180,"column":12},"end":{"line":186,"column":null}},"55":{"start":{"line":181,"column":16},"end":{"line":185,"column":null}},"56":{"start":{"line":188,"column":12},"end":{"line":188,"column":null}},"57":{"start":{"line":196,"column":36},"end":{"line":196,"column":null}},"58":{"start":{"line":197,"column":27},"end":{"line":197,"column":null}},"59":{"start":{"line":200,"column":28},"end":{"line":200,"column":null}},"60":{"start":{"line":203,"column":8},"end":{"line":216,"column":null}},"61":{"start":{"line":204,"column":31},"end":{"line":204,"column":null}},"62":{"start":{"line":205,"column":28},"end":{"line":205,"column":null}},"63":{"start":{"line":207,"column":12},"end":{"line":212,"column":null}},"64":{"start":{"line":208,"column":29},"end":{"line":208,"column":null}},"65":{"start":{"line":209,"column":16},"end":{"line":209,"column":null}},"66":{"start":{"line":211,"column":16},"end":{"line":211,"column":null}},"67":{"start":{"line":215,"column":12},"end":{"line":215,"column":null}},"68":{"start":{"line":218,"column":8},"end":{"line":218,"column":null}},"69":{"start":{"line":225,"column":8},"end":{"line":225,"column":null}},"70":{"start":{"line":232,"column":8},"end":{"line":236,"column":null}},"71":{"start":{"line":232,"column":52},"end":{"line":236,"column":10}},"72":{"start":{"line":242,"column":8},"end":{"line":244,"column":null}},"73":{"start":{"line":243,"column":12},"end":{"line":243,"column":null}},"74":{"start":{"line":246,"column":8},"end":{"line":256,"column":null}},"75":{"start":{"line":247,"column":35},"end":{"line":247,"column":null}},"76":{"start":{"line":248,"column":12},"end":{"line":248,"column":null}},"77":{"start":{"line":248,"column":33},"end":{"line":248,"column":null}},"78":{"start":{"line":250,"column":27},"end":{"line":250,"column":null}},"79":{"start":{"line":251,"column":30},"end":{"line":251,"column":null}},"80":{"start":{"line":252,"column":12},"end":{"line":252,"column":null}},"81":{"start":{"line":254,"column":12},"end":{"line":254,"column":null}},"82":{"start":{"line":255,"column":12},"end":{"line":255,"column":null}},"83":{"start":{"line":260,"column":29},"end":{"line":260,"column":null}}},"fnMap":{"0":{"name":"(anonymous_0)","decl":{"start":{"line":63,"column":4},"end":{"line":63,"column":18}},"loc":{"start":{"line":63,"column":18},"end":{"line":65,"column":null}},"line":63},"1":{"name":"(anonymous_1)","decl":{"start":{"line":67,"column":12},"end":{"line":67,"column":30}},"loc":{"start":{"line":67,"column":30},"end":{"line":76,"column":null}},"line":67},"2":{"name":"(anonymous_2)","decl":{"start":{"line":78,"column":8},"end":{"line":78,"column":32}},"loc":{"start":{"line":78,"column":32},"end":{"line":80,"column":null}},"line":78},"3":{"name":"(anonymous_3)","decl":{"start":{"line":85,"column":10},"end":{"line":85,"column":15}},"loc":{"start":{"line":85,"column":101},"end":{"line":190,"column":null}},"line":85},"4":{"name":"(anonymous_4)","decl":{"start":{"line":195,"column":12},"end":{"line":195,"column":25}},"loc":{"start":{"line":195,"column":86},"end":{"line":219,"column":null}},"line":195},"5":{"name":"(anonymous_5)","decl":{"start":{"line":224,"column":4},"end":{"line":224,"column":25}},"loc":{"start":{"line":224,"column":25},"end":{"line":226,"column":null}},"line":224},"6":{"name":"(anonymous_6)","decl":{"start":{"line":231,"column":4},"end":{"line":231,"column":34}},"loc":{"start":{"line":231,"column":34},"end":{"line":237,"column":null}},"line":231},"7":{"name":"(anonymous_7)","decl":{"start":{"line":232,"column":44},"end":{"line":232,"column":52}},"loc":{"start":{"line":232,"column":52},"end":{"line":236,"column":10}},"line":232},"8":{"name":"(anonymous_8)","decl":{"start":{"line":241,"column":10},"end":{"line":241,"column":20}},"loc":{"start":{"line":241,"column":53},"end":{"line":257,"column":null}},"line":241}},"branchMap":{"0":{"loc":{"start":{"line":69,"column":8},"end":{"line":75,"column":null}},"type":"if","locations":[{"start":{"line":69,"column":8},"end":{"line":75,"column":null}},{"start":{},"end":{}}],"line":69},"1":{"loc":{"start":{"line":85,"column":61},"end":{"line":85,"column":101}},"type":"default-arg","locations":[{"start":{"line":85,"column":74},"end":{"line":85,"column":101}}],"line":85},"2":{"loc":{"start":{"line":86,"column":8},"end":{"line":89,"column":null}},"type":"if","locations":[{"start":{"line":86,"column":8},"end":{"line":89,"column":null}},{"start":{},"end":{}}],"line":86},"3":{"loc":{"start":{"line":88,"column":12},"end":{"line":88,"column":null}},"type":"if","locations":[{"start":{"line":88,"column":12},"end":{"line":88,"column":null}},{"start":{},"end":{}}],"line":88},"4":{"loc":{"start":{"line":93,"column":8},"end":{"line":133,"column":null}},"type":"if","locations":[{"start":{"line":93,"column":8},"end":{"line":133,"column":null}},{"start":{},"end":{}}],"line":93},"5":{"loc":{"start":{"line":100,"column":30},"end":{"line":100,"column":66}},"type":"binary-expr","locations":[{"start":{"line":100,"column":30},"end":{"line":100,"column":57}},{"start":{"line":100,"column":57},"end":{"line":100,"column":66}}],"line":100},"6":{"loc":{"start":{"line":101,"column":14},"end":{"line":101,"column":41}},"type":"binary-expr","locations":[{"start":{"line":101,"column":14},"end":{"line":101,"column":35}},{"start":{"line":101,"column":35},"end":{"line":101,"column":41}}],"line":101},"7":{"loc":{"start":{"line":113,"column":12},"end":{"line":113,"column":null}},"type":"if","locations":[{"start":{"line":113,"column":12},"end":{"line":113,"column":null}},{"start":{},"end":{}}],"line":113},"8":{"loc":{"start":{"line":114,"column":12},"end":{"line":114,"column":null}},"type":"if","locations":[{"start":{"line":114,"column":12},"end":{"line":114,"column":null}},{"start":{},"end":{}}],"line":114},"9":{"loc":{"start":{"line":115,"column":12},"end":{"line":115,"column":null}},"type":"if","locations":[{"start":{"line":115,"column":12},"end":{"line":115,"column":null}},{"start":{},"end":{}}],"line":115},"10":{"loc":{"start":{"line":117,"column":12},"end":{"line":119,"column":null}},"type":"if","locations":[{"start":{"line":117,"column":12},"end":{"line":119,"column":null}},{"start":{},"end":{}}],"line":117},"11":{"loc":{"start":{"line":121,"column":12},"end":{"line":126,"column":null}},"type":"if","locations":[{"start":{"line":121,"column":12},"end":{"line":126,"column":null}},{"start":{},"end":{}}],"line":121},"12":{"loc":{"start":{"line":123,"column":16},"end":{"line":123,"column":null}},"type":"if","locations":[{"start":{"line":123,"column":16},"end":{"line":123,"column":null}},{"start":{},"end":{}}],"line":123},"13":{"loc":{"start":{"line":124,"column":16},"end":{"line":124,"column":null}},"type":"if","locations":[{"start":{"line":124,"column":16},"end":{"line":124,"column":null}},{"start":{},"end":{}}],"line":124},"14":{"loc":{"start":{"line":125,"column":16},"end":{"line":125,"column":null}},"type":"if","locations":[{"start":{"line":125,"column":16},"end":{"line":125,"column":null}},{"start":{},"end":{}}],"line":125},"15":{"loc":{"start":{"line":128,"column":12},"end":{"line":132,"column":null}},"type":"if","locations":[{"start":{"line":128,"column":12},"end":{"line":132,"column":null}},{"start":{"line":130,"column":19},"end":{"line":132,"column":null}}],"line":128},"16":{"loc":{"start":{"line":170,"column":33},"end":{"line":170,"column":null}},"type":"binary-expr","locations":[{"start":{"line":170,"column":33},"end":{"line":170,"column":69}},{"start":{"line":170,"column":69},"end":{"line":170,"column":null}}],"line":170},"17":{"loc":{"start":{"line":171,"column":12},"end":{"line":178,"column":null}},"type":"if","locations":[{"start":{"line":171,"column":12},"end":{"line":178,"column":null}},{"start":{},"end":{}}],"line":171},"18":{"loc":{"start":{"line":171,"column":16},"end":{"line":171,"column":48}},"type":"binary-expr","locations":[{"start":{"line":171,"column":16},"end":{"line":171,"column":32}},{"start":{"line":171,"column":32},"end":{"line":171,"column":48}}],"line":171},"19":{"loc":{"start":{"line":173,"column":16},"end":{"line":173,"column":null}},"type":"if","locations":[{"start":{"line":173,"column":16},"end":{"line":173,"column":null}},{"start":{},"end":{}}],"line":173},"20":{"loc":{"start":{"line":180,"column":12},"end":{"line":186,"column":null}},"type":"if","locations":[{"start":{"line":180,"column":12},"end":{"line":186,"column":null}},{"start":{},"end":{}}],"line":180},"21":{"loc":{"start":{"line":233,"column":18},"end":{"line":233,"column":null}},"type":"cond-expr","locations":[{"start":{"line":233,"column":41},"end":{"line":233,"column":55}},{"start":{"line":233,"column":55},"end":{"line":233,"column":null}}],"line":233},"22":{"loc":{"start":{"line":234,"column":22},"end":{"line":234,"column":null}},"type":"binary-expr","locations":[{"start":{"line":234,"column":22},"end":{"line":234,"column":71}},{"start":{"line":234,"column":71},"end":{"line":234,"column":null}}],"line":234},"23":{"loc":{"start":{"line":242,"column":8},"end":{"line":244,"column":null}},"type":"if","locations":[{"start":{"line":242,"column":8},"end":{"line":244,"column":null}},{"start":{},"end":{}}],"line":242},"24":{"loc":{"start":{"line":248,"column":12},"end":{"line":248,"column":null}},"type":"if","locations":[{"start":{"line":248,"column":12},"end":{"line":248,"column":null}},{"start":{},"end":{}}],"line":248}},"s":{"0":2,"1":2,"2":2,"3":2,"4":2,"5":2,"6":2,"7":2,"8":2,"9":0,"10":0,"11":0,"12":0,"13":0,"14":0,"15":0,"16":0,"17":0,"18":0,"19":0,"20":0,"21":0,"22":0,"23":0,"24":0,"25":0,"26":0,"27":0,"28":0,"29":0,"30":0,"31":0,"32":0,"33":0,"34":0,"35":0,"36":0,"37":0,"38":0,"39":0,"40":0,"41":0,"42":0,"43":0,"44":0,"45":0,"46":0,"47":0,"48":0,"49":0,"50":0,"51":0,"52":0,"53":0,"54":0,"55":0,"56":0,"57":3,"58":3,"59":3,"60":3,"61":3,"62":3,"63":3,"64":3,"65":3,"66":0,"67":3,"68":3,"69":0,"70":0,"71":0,"72":1,"73":0,"74":1,"75":1,"76":1,"77":0,"78":1,"79":1,"80":1,"81":0,"82":0,"83":2},"f":{"0":2,"1":2,"2":0,"3":0,"4":3,"5":0,"6":0,"7":0,"8":1},"b":{"0":[2,0],"1":[0],"2":[0,0],"3":[0,0],"4":[0,0],"5":[0,0],"6":[0,0],"7":[0,0],"8":[0,0],"9":[0,0],"10":[0,0],"11":[0,0],"12":[0,0],"13":[0,0],"14":[0,0],"15":[0,0],"16":[0,0],"17":[0,0],"18":[0,0],"19":[0,0],"20":[0,0],"21":[0,0],"22":[0,0],"23":[0,1],"24":[0,1]},"meta":{"lastBranch":25,"lastFunction":9,"lastStatement":84,"seen":{"s:35:29:35:Infinity":0,"f:63:4:63:18":0,"s:59:4:59:Infinity":1,"s:60:4:60:Infinity":2,"s:61:4:61:Infinity":3,"s:64:8:64:Infinity":4,"f:67:12:67:30":1,"s:68:23:68:Infinity":5,"b:69:8:75:Infinity:undefined:undefined:undefined:undefined":0,"s:69:8:75:Infinity":6,"s:70:12:70:Infinity":7,"s:71:12:74:Infinity":8,"f:78:8:78:32":2,"s:79:8:79:Infinity":9,"f:85:10:85:15":3,"b:85:74:85:101":1,"b:86:8:89:Infinity:undefined:undefined:undefined:undefined":2,"s:86:8:89:Infinity":10,"s:87:12:87:Infinity":11,"b:88:12:88:Infinity:undefined:undefined:undefined:undefined":3,"s:88:12:88:Infinity":12,"s:88:29:88:Infinity":13,"s:92:32:92:Infinity":14,"b:93:8:133:Infinity:undefined:undefined:undefined:undefined":4,"s:93:8:133:Infinity":15,"s:94:33:106:Infinity":16,"b:100:30:100:57:100:57:100:66":5,"b:101:14:101:35:101:35:101:41":6,"s:112:33:112:Infinity":17,"b:113:12:113:Infinity:undefined:undefined:undefined:undefined":7,"s:113:12:113:Infinity":18,"s:113:34:113:Infinity":19,"b:114:12:114:Infinity:undefined:undefined:undefined:undefined":8,"s:114:12:114:Infinity":20,"s:114:52:114:Infinity":21,"b:115:12:115:Infinity:undefined:undefined:undefined:undefined":9,"s:115:12:115:Infinity":22,"s:115:37:115:Infinity":23,"b:117:12:119:Infinity:undefined:undefined:undefined:undefined":10,"s:117:12:119:Infinity":24,"s:118:16:118:Infinity":25,"b:121:12:126:Infinity:undefined:undefined:undefined:undefined":11,"s:121:12:126:Infinity":26,"s:122:34:122:Infinity":27,"b:123:16:123:Infinity:undefined:undefined:undefined:undefined":12,"s:123:16:123:Infinity":28,"s:123:49:123:Infinity":29,"b:124:16:124:Infinity:undefined:undefined:undefined:undefined":13,"s:124:16:124:Infinity":30,"s:124:52:124:Infinity":31,"b:125:16:125:Infinity:undefined:undefined:undefined:undefined":14,"s:125:16:125:Infinity":32,"s:125:42:125:Infinity":33,"b:128:12:132:Infinity:130:19:132:Infinity":15,"s:128:12:132:Infinity":34,"s:129:16:129:Infinity":35,"s:131:16:131:Infinity":36,"s:136:8:139:Infinity":37,"s:141:8:189:Infinity":38,"s:143:25:145:Infinity":39,"s:148:27:148:Infinity":40,"s:149:33:149:Infinity":41,"s:152:12:155:Infinity":42,"s:158:46:158:Infinity":43,"s:160:12:165:Infinity":44,"s:167:12:167:Infinity":45,"s:170:33:170:Infinity":46,"b:170:33:170:69:170:69:170:Infinity":16,"b:171:12:178:Infinity:undefined:undefined:undefined:undefined":17,"s:171:12:178:Infinity":47,"b:171:16:171:32:171:32:171:48":18,"s:172:35:172:Infinity":48,"b:173:16:173:Infinity:undefined:undefined:undefined:undefined":19,"s:173:16:173:Infinity":49,"s:173:32:173:Infinity":50,"s:175:16:175:Infinity":51,"s:176:16:176:Infinity":52,"s:177:16:177:Infinity":53,"b:180:12:186:Infinity:undefined:undefined:undefined:undefined":20,"s:180:12:186:Infinity":54,"s:181:16:185:Infinity":55,"s:188:12:188:Infinity":56,"f:195:12:195:25":4,"s:196:36:196:Infinity":57,"s:197:27:197:Infinity":58,"s:200:28:200:Infinity":59,"s:203:8:216:Infinity":60,"s:204:31:204:Infinity":61,"s:205:28:205:Infinity":62,"s:207:12:212:Infinity":63,"s:208:29:208:Infinity":64,"s:209:16:209:Infinity":65,"s:211:16:211:Infinity":66,"s:215:12:215:Infinity":67,"s:218:8:218:Infinity":68,"f:224:4:224:25":5,"s:225:8:225:Infinity":69,"f:231:4:231:34":6,"s:232:8:236:Infinity":70,"f:232:44:232:52":7,"s:232:52:236:10":71,"b:233:41:233:55:233:55:233:Infinity":21,"b:234:22:234:71:234:71:234:Infinity":22,"f:241:10:241:20":8,"b:242:8:244:Infinity:undefined:undefined:undefined:undefined":23,"s:242:8:244:Infinity":72,"s:243:12:243:Infinity":73,"s:246:8:256:Infinity":74,"s:247:35:247:Infinity":75,"b:248:12:248:Infinity:undefined:undefined:undefined:undefined":24,"s:248:12:248:Infinity":76,"s:248:33:248:Infinity":77,"s:250:27:250:Infinity":78,"s:251:30:251:Infinity":79,"s:252:12:252:Infinity":80,"s:254:12:254:Infinity":81,"s:255:12:255:Infinity":82,"s:260:29:260:Infinity":83}}}
,"/Users/astursadeth/multiversa-lab/portality/services/notionService.ts": {"path":"/Users/astursadeth/multiversa-lab/portality/services/notionService.ts","statementMap":{"0":{"start":{"line":10,"column":4},"end":{"line":10,"column":null}},"1":{"start":{"line":11,"column":4},"end":{"line":11,"column":null}},"2":{"start":{"line":14,"column":8},"end":{"line":14,"column":null}},"3":{"start":{"line":14,"column":25},"end":{"line":14,"column":null}},"4":{"start":{"line":15,"column":22},"end":{"line":15,"column":null}},"5":{"start":{"line":16,"column":8},"end":{"line":18,"column":null}},"6":{"start":{"line":17,"column":12},"end":{"line":17,"column":null}},"7":{"start":{"line":19,"column":8},"end":{"line":19,"column":null}},"8":{"start":{"line":26,"column":8},"end":{"line":26,"column":null}},"9":{"start":{"line":26,"column":35},"end":{"line":26,"column":null}},"10":{"start":{"line":28,"column":8},"end":{"line":28,"column":null}},"11":{"start":{"line":30,"column":8},"end":{"line":53,"column":null}},"12":{"start":{"line":32,"column":29},"end":{"line":32,"column":null}},"13":{"start":{"line":33,"column":16},"end":{"line":33,"column":null}},"14":{"start":{"line":33,"column":27},"end":{"line":33,"column":null}},"15":{"start":{"line":35,"column":16},"end":{"line":51,"column":null}},"16":{"start":{"line":36,"column":20},"end":{"line":36,"column":null}},"17":{"start":{"line":37,"column":20},"end":{"line":43,"column":null}},"18":{"start":{"line":38,"column":43},"end":{"line":38,"column":null}},"19":{"start":{"line":40,"column":24},"end":{"line":40,"column":null}},"20":{"start":{"line":42,"column":24},"end":{"line":42,"column":null}},"21":{"start":{"line":44,"column":16},"end":{"line":51,"column":null}},"22":{"start":{"line":45,"column":20},"end":{"line":45,"column":null}},"23":{"start":{"line":46,"column":20},"end":{"line":50,"column":null}},"24":{"start":{"line":47,"column":24},"end":{"line":47,"column":null}},"25":{"start":{"line":49,"column":24},"end":{"line":49,"column":null}},"26":{"start":{"line":57,"column":8},"end":{"line":60,"column":null}},"27":{"start":{"line":58,"column":12},"end":{"line":58,"column":null}},"28":{"start":{"line":59,"column":12},"end":{"line":59,"column":null}},"29":{"start":{"line":67,"column":23},"end":{"line":67,"column":null}},"30":{"start":{"line":68,"column":8},"end":{"line":68,"column":null}},"31":{"start":{"line":68,"column":21},"end":{"line":68,"column":null}},"32":{"start":{"line":70,"column":29},"end":{"line":70,"column":null}},"33":{"start":{"line":71,"column":22},"end":{"line":71,"column":null}},"34":{"start":{"line":72,"column":41},"end":{"line":72,"column":null}},"35":{"start":{"line":74,"column":8},"end":{"line":88,"column":null}},"36":{"start":{"line":75,"column":12},"end":{"line":83,"column":null}},"37":{"start":{"line":76,"column":38},"end":{"line":79,"column":null}},"38":{"start":{"line":80,"column":16},"end":{"line":80,"column":null}},"39":{"start":{"line":81,"column":16},"end":{"line":81,"column":null}},"40":{"start":{"line":82,"column":16},"end":{"line":82,"column":null}},"41":{"start":{"line":84,"column":12},"end":{"line":84,"column":null}},"42":{"start":{"line":86,"column":12},"end":{"line":86,"column":null}},"43":{"start":{"line":87,"column":12},"end":{"line":87,"column":null}},"44":{"start":{"line":95,"column":21},"end":{"line":95,"column":null}},"45":{"start":{"line":96,"column":8},"end":{"line":96,"column":null}},"46":{"start":{"line":96,"column":19},"end":{"line":96,"column":null}},"47":{"start":{"line":98,"column":24},"end":{"line":98,"column":null}},"48":{"start":{"line":99,"column":8},"end":{"line":99,"column":null}},"49":{"start":{"line":99,"column":35},"end":{"line":99,"column":55}},"50":{"start":{"line":106,"column":21},"end":{"line":106,"column":null}},"51":{"start":{"line":107,"column":8},"end":{"line":107,"column":null}},"52":{"start":{"line":107,"column":19},"end":{"line":107,"column":null}},"53":{"start":{"line":109,"column":24},"end":{"line":109,"column":null}},"54":{"start":{"line":110,"column":8},"end":{"line":110,"column":null}},"55":{"start":{"line":110,"column":35},"end":{"line":110,"column":56}},"56":{"start":{"line":117,"column":21},"end":{"line":117,"column":null}},"57":{"start":{"line":118,"column":8},"end":{"line":118,"column":null}},"58":{"start":{"line":118,"column":19},"end":{"line":118,"column":null}},"59":{"start":{"line":120,"column":24},"end":{"line":120,"column":null}},"60":{"start":{"line":121,"column":8},"end":{"line":121,"column":null}},"61":{"start":{"line":121,"column":35},"end":{"line":121,"column":53}},"62":{"start":{"line":128,"column":21},"end":{"line":128,"column":null}},"63":{"start":{"line":129,"column":8},"end":{"line":129,"column":null}},"64":{"start":{"line":129,"column":19},"end":{"line":129,"column":null}},"65":{"start":{"line":131,"column":24},"end":{"line":131,"column":null}},"66":{"start":{"line":132,"column":8},"end":{"line":132,"column":null}},"67":{"start":{"line":132,"column":35},"end":{"line":132,"column":59}},"68":{"start":{"line":139,"column":21},"end":{"line":139,"column":null}},"69":{"start":{"line":140,"column":8},"end":{"line":140,"column":null}},"70":{"start":{"line":140,"column":19},"end":{"line":140,"column":null}},"71":{"start":{"line":142,"column":24},"end":{"line":142,"column":null}},"72":{"start":{"line":143,"column":8},"end":{"line":143,"column":null}},"73":{"start":{"line":143,"column":35},"end":{"line":143,"column":62}},"74":{"start":{"line":150,"column":23},"end":{"line":150,"column":null}},"75":{"start":{"line":151,"column":21},"end":{"line":151,"column":null}},"76":{"start":{"line":152,"column":8},"end":{"line":152,"column":null}},"77":{"start":{"line":152,"column":30},"end":{"line":152,"column":null}},"78":{"start":{"line":154,"column":32},"end":{"line":164,"column":null}},"79":{"start":{"line":166,"column":8},"end":{"line":170,"column":null}},"80":{"start":{"line":167,"column":12},"end":{"line":169,"column":null}},"81":{"start":{"line":172,"column":8},"end":{"line":181,"column":null}},"82":{"start":{"line":173,"column":29},"end":{"line":176,"column":null}},"83":{"start":{"line":177,"column":12},"end":{"line":177,"column":null}},"84":{"start":{"line":179,"column":12},"end":{"line":179,"column":null}},"85":{"start":{"line":180,"column":12},"end":{"line":180,"column":null}},"86":{"start":{"line":188,"column":23},"end":{"line":188,"column":null}},"87":{"start":{"line":189,"column":21},"end":{"line":189,"column":null}},"88":{"start":{"line":190,"column":8},"end":{"line":190,"column":null}},"89":{"start":{"line":190,"column":30},"end":{"line":190,"column":null}},"90":{"start":{"line":192,"column":32},"end":{"line":202,"column":null}},"91":{"start":{"line":204,"column":8},"end":{"line":213,"column":null}},"92":{"start":{"line":205,"column":29},"end":{"line":208,"column":null}},"93":{"start":{"line":209,"column":12},"end":{"line":209,"column":null}},"94":{"start":{"line":211,"column":12},"end":{"line":211,"column":null}},"95":{"start":{"line":212,"column":12},"end":{"line":212,"column":null}},"96":{"start":{"line":220,"column":23},"end":{"line":220,"column":null}},"97":{"start":{"line":221,"column":8},"end":{"line":221,"column":null}},"98":{"start":{"line":221,"column":21},"end":{"line":221,"column":null}},"99":{"start":{"line":223,"column":8},"end":{"line":235,"column":null}},"100":{"start":{"line":224,"column":12},"end":{"line":231,"column":null}},"101":{"start":{"line":233,"column":12},"end":{"line":233,"column":null}},"102":{"start":{"line":234,"column":12},"end":{"line":234,"column":null}},"103":{"start":{"line":241,"column":8},"end":{"line":247,"column":null}},"104":{"start":{"line":251,"column":8},"end":{"line":256,"column":null}},"105":{"start":{"line":260,"column":8},"end":{"line":269,"column":null}},"106":{"start":{"line":273,"column":8},"end":{"line":278,"column":null}},"107":{"start":{"line":282,"column":8},"end":{"line":287,"column":null}},"108":{"start":{"line":294,"column":8},"end":{"line":294,"column":null}},"109":{"start":{"line":295,"column":27},"end":{"line":295,"column":null}},"110":{"start":{"line":296,"column":8},"end":{"line":296,"column":null}},"111":{"start":{"line":296,"column":25},"end":{"line":296,"column":null}},"112":{"start":{"line":297,"column":25},"end":{"line":301,"column":null}},"113":{"start":{"line":302,"column":8},"end":{"line":302,"column":null}},"114":{"start":{"line":306,"column":8},"end":{"line":306,"column":null}},"115":{"start":{"line":310,"column":29},"end":{"line":310,"column":null}}},"fnMap":{"0":{"name":"(anonymous_0)","decl":{"start":{"line":9,"column":0},"end":{"line":9,"column":6}},"loc":{"start":{"line":9,"column":0},"end":{"line":11,"column":null}},"line":9},"1":{"name":"(anonymous_1)","decl":{"start":{"line":13,"column":12},"end":{"line":13,"column":45}},"loc":{"start":{"line":13,"column":45},"end":{"line":20,"column":null}},"line":13},"2":{"name":"(anonymous_2)","decl":{"start":{"line":25,"column":4},"end":{"line":25,"column":20}},"loc":{"start":{"line":25,"column":20},"end":{"line":54,"column":null}},"line":25},"3":{"name":"(anonymous_3)","decl":{"start":{"line":31,"column":86},"end":{"line":31,"column":93}},"loc":{"start":{"line":31,"column":105},"end":{"line":52,"column":13}},"line":31},"4":{"name":"(anonymous_4)","decl":{"start":{"line":56,"column":4},"end":{"line":56,"column":19}},"loc":{"start":{"line":56,"column":19},"end":{"line":61,"column":null}},"line":56},"5":{"name":"(anonymous_5)","decl":{"start":{"line":66,"column":18},"end":{"line":66,"column":32}},"loc":{"start":{"line":66,"column":68},"end":{"line":89,"column":null}},"line":66},"6":{"name":"(anonymous_6)","decl":{"start":{"line":94,"column":10},"end":{"line":94,"column":42}},"loc":{"start":{"line":94,"column":42},"end":{"line":100,"column":null}},"line":94},"7":{"name":"(anonymous_7)","decl":{"start":{"line":99,"column":27},"end":{"line":99,"column":35}},"loc":{"start":{"line":99,"column":35},"end":{"line":99,"column":55}},"line":99},"8":{"name":"(anonymous_8)","decl":{"start":{"line":105,"column":10},"end":{"line":105,"column":44}},"loc":{"start":{"line":105,"column":44},"end":{"line":111,"column":null}},"line":105},"9":{"name":"(anonymous_9)","decl":{"start":{"line":110,"column":27},"end":{"line":110,"column":35}},"loc":{"start":{"line":110,"column":35},"end":{"line":110,"column":56}},"line":110},"10":{"name":"(anonymous_10)","decl":{"start":{"line":116,"column":10},"end":{"line":116,"column":38}},"loc":{"start":{"line":116,"column":38},"end":{"line":122,"column":null}},"line":116},"11":{"name":"(anonymous_11)","decl":{"start":{"line":121,"column":27},"end":{"line":121,"column":35}},"loc":{"start":{"line":121,"column":35},"end":{"line":121,"column":53}},"line":121},"12":{"name":"(anonymous_12)","decl":{"start":{"line":127,"column":10},"end":{"line":127,"column":36}},"loc":{"start":{"line":127,"column":36},"end":{"line":133,"column":null}},"line":127},"13":{"name":"(anonymous_13)","decl":{"start":{"line":132,"column":27},"end":{"line":132,"column":35}},"loc":{"start":{"line":132,"column":35},"end":{"line":132,"column":59}},"line":132},"14":{"name":"(anonymous_14)","decl":{"start":{"line":138,"column":10},"end":{"line":138,"column":50}},"loc":{"start":{"line":138,"column":50},"end":{"line":144,"column":null}},"line":138},"15":{"name":"(anonymous_15)","decl":{"start":{"line":143,"column":27},"end":{"line":143,"column":35}},"loc":{"start":{"line":143,"column":35},"end":{"line":143,"column":62}},"line":143},"16":{"name":"(anonymous_16)","decl":{"start":{"line":149,"column":10},"end":{"line":149,"column":21}},"loc":{"start":{"line":149,"column":56},"end":{"line":182,"column":null}},"line":149},"17":{"name":"(anonymous_17)","decl":{"start":{"line":187,"column":10},"end":{"line":187,"column":23}},"loc":{"start":{"line":187,"column":66},"end":{"line":214,"column":null}},"line":187},"18":{"name":"(anonymous_18)","decl":{"start":{"line":219,"column":10},"end":{"line":219,"column":27}},"loc":{"start":{"line":219,"column":82},"end":{"line":236,"column":null}},"line":219},"19":{"name":"(anonymous_19)","decl":{"start":{"line":240,"column":12},"end":{"line":240,"column":22}},"loc":{"start":{"line":240,"column":41},"end":{"line":248,"column":null}},"line":240},"20":{"name":"(anonymous_20)","decl":{"start":{"line":250,"column":12},"end":{"line":250,"column":23}},"loc":{"start":{"line":250,"column":43},"end":{"line":257,"column":null}},"line":250},"21":{"name":"(anonymous_21)","decl":{"start":{"line":259,"column":12},"end":{"line":259,"column":20}},"loc":{"start":{"line":259,"column":37},"end":{"line":270,"column":null}},"line":259},"22":{"name":"(anonymous_22)","decl":{"start":{"line":272,"column":12},"end":{"line":272,"column":26}},"loc":{"start":{"line":272,"column":42},"end":{"line":279,"column":null}},"line":272},"23":{"name":"(anonymous_23)","decl":{"start":{"line":281,"column":12},"end":{"line":281,"column":29}},"loc":{"start":{"line":281,"column":55},"end":{"line":288,"column":null}},"line":281},"24":{"name":"(anonymous_24)","decl":{"start":{"line":293,"column":10},"end":{"line":293,"column":29}},"loc":{"start":{"line":293,"column":123},"end":{"line":303,"column":null}},"line":293},"25":{"name":"(anonymous_25)","decl":{"start":{"line":305,"column":10},"end":{"line":305,"column":26}},"loc":{"start":{"line":305,"column":99},"end":{"line":307,"column":null}},"line":305}},"branchMap":{"0":{"loc":{"start":{"line":14,"column":8},"end":{"line":14,"column":null}},"type":"if","locations":[{"start":{"line":14,"column":8},"end":{"line":14,"column":null}},{"start":{},"end":{}}],"line":14},"1":{"loc":{"start":{"line":16,"column":8},"end":{"line":18,"column":null}},"type":"if","locations":[{"start":{"line":16,"column":8},"end":{"line":18,"column":null}},{"start":{},"end":{}}],"line":16},"2":{"loc":{"start":{"line":26,"column":8},"end":{"line":26,"column":null}},"type":"if","locations":[{"start":{"line":26,"column":8},"end":{"line":26,"column":null}},{"start":{},"end":{}}],"line":26},"3":{"loc":{"start":{"line":33,"column":16},"end":{"line":33,"column":null}},"type":"if","locations":[{"start":{"line":33,"column":16},"end":{"line":33,"column":null}},{"start":{},"end":{}}],"line":33},"4":{"loc":{"start":{"line":35,"column":16},"end":{"line":51,"column":null}},"type":"if","locations":[{"start":{"line":35,"column":16},"end":{"line":51,"column":null}},{"start":{"line":44,"column":16},"end":{"line":51,"column":null}}],"line":35},"5":{"loc":{"start":{"line":35,"column":20},"end":{"line":35,"column":71}},"type":"binary-expr","locations":[{"start":{"line":35,"column":20},"end":{"line":35,"column":54}},{"start":{"line":35,"column":54},"end":{"line":35,"column":71}}],"line":35},"6":{"loc":{"start":{"line":44,"column":16},"end":{"line":51,"column":null}},"type":"if","locations":[{"start":{"line":44,"column":16},"end":{"line":51,"column":null}},{"start":{},"end":{}}],"line":44},"7":{"loc":{"start":{"line":44,"column":27},"end":{"line":44,"column":77}},"type":"binary-expr","locations":[{"start":{"line":44,"column":27},"end":{"line":44,"column":61}},{"start":{"line":44,"column":61},"end":{"line":44,"column":77}}],"line":44},"8":{"loc":{"start":{"line":57,"column":8},"end":{"line":60,"column":null}},"type":"if","locations":[{"start":{"line":57,"column":8},"end":{"line":60,"column":null}},{"start":{},"end":{}}],"line":57},"9":{"loc":{"start":{"line":68,"column":8},"end":{"line":68,"column":null}},"type":"if","locations":[{"start":{"line":68,"column":8},"end":{"line":68,"column":null}},{"start":{},"end":{}}],"line":68},"10":{"loc":{"start":{"line":96,"column":8},"end":{"line":96,"column":null}},"type":"if","locations":[{"start":{"line":96,"column":8},"end":{"line":96,"column":null}},{"start":{},"end":{}}],"line":96},"11":{"loc":{"start":{"line":107,"column":8},"end":{"line":107,"column":null}},"type":"if","locations":[{"start":{"line":107,"column":8},"end":{"line":107,"column":null}},{"start":{},"end":{}}],"line":107},"12":{"loc":{"start":{"line":118,"column":8},"end":{"line":118,"column":null}},"type":"if","locations":[{"start":{"line":118,"column":8},"end":{"line":118,"column":null}},{"start":{},"end":{}}],"line":118},"13":{"loc":{"start":{"line":129,"column":8},"end":{"line":129,"column":null}},"type":"if","locations":[{"start":{"line":129,"column":8},"end":{"line":129,"column":null}},{"start":{},"end":{}}],"line":129},"14":{"loc":{"start":{"line":140,"column":8},"end":{"line":140,"column":null}},"type":"if","locations":[{"start":{"line":140,"column":8},"end":{"line":140,"column":null}},{"start":{},"end":{}}],"line":140},"15":{"loc":{"start":{"line":152,"column":8},"end":{"line":152,"column":null}},"type":"if","locations":[{"start":{"line":152,"column":8},"end":{"line":152,"column":null}},{"start":{},"end":{}}],"line":152},"16":{"loc":{"start":{"line":152,"column":12},"end":{"line":152,"column":30}},"type":"binary-expr","locations":[{"start":{"line":152,"column":12},"end":{"line":152,"column":23}},{"start":{"line":152,"column":23},"end":{"line":152,"column":30}}],"line":152},"17":{"loc":{"start":{"line":156,"column":43},"end":{"line":156,"column":68}},"type":"binary-expr","locations":[{"start":{"line":156,"column":43},"end":{"line":156,"column":57}},{"start":{"line":156,"column":57},"end":{"line":156,"column":68}}],"line":156},"18":{"loc":{"start":{"line":159,"column":32},"end":{"line":159,"column":54}},"type":"binary-expr","locations":[{"start":{"line":159,"column":32},"end":{"line":159,"column":47}},{"start":{"line":159,"column":47},"end":{"line":159,"column":54}}],"line":159},"19":{"loc":{"start":{"line":162,"column":32},"end":{"line":162,"column":58}},"type":"binary-expr","locations":[{"start":{"line":162,"column":32},"end":{"line":162,"column":49}},{"start":{"line":162,"column":49},"end":{"line":162,"column":58}}],"line":162},"20":{"loc":{"start":{"line":166,"column":8},"end":{"line":170,"column":null}},"type":"if","locations":[{"start":{"line":166,"column":8},"end":{"line":170,"column":null}},{"start":{},"end":{}}],"line":166},"21":{"loc":{"start":{"line":190,"column":8},"end":{"line":190,"column":null}},"type":"if","locations":[{"start":{"line":190,"column":8},"end":{"line":190,"column":null}},{"start":{},"end":{}}],"line":190},"22":{"loc":{"start":{"line":190,"column":12},"end":{"line":190,"column":30}},"type":"binary-expr","locations":[{"start":{"line":190,"column":12},"end":{"line":190,"column":23}},{"start":{"line":190,"column":23},"end":{"line":190,"column":30}}],"line":190},"23":{"loc":{"start":{"line":194,"column":43},"end":{"line":194,"column":75}},"type":"binary-expr","locations":[{"start":{"line":194,"column":43},"end":{"line":194,"column":62}},{"start":{"line":194,"column":62},"end":{"line":194,"column":75}}],"line":194},"24":{"loc":{"start":{"line":197,"column":32},"end":{"line":197,"column":59}},"type":"binary-expr","locations":[{"start":{"line":197,"column":32},"end":{"line":197,"column":51}},{"start":{"line":197,"column":51},"end":{"line":197,"column":59}}],"line":197},"25":{"loc":{"start":{"line":200,"column":32},"end":{"line":200,"column":62}},"type":"binary-expr","locations":[{"start":{"line":200,"column":32},"end":{"line":200,"column":53}},{"start":{"line":200,"column":53},"end":{"line":200,"column":62}}],"line":200},"26":{"loc":{"start":{"line":221,"column":8},"end":{"line":221,"column":null}},"type":"if","locations":[{"start":{"line":221,"column":8},"end":{"line":221,"column":null}},{"start":{},"end":{}}],"line":221},"27":{"loc":{"start":{"line":243,"column":18},"end":{"line":243,"column":null}},"type":"binary-expr","locations":[{"start":{"line":243,"column":18},"end":{"line":243,"column":64}},{"start":{"line":243,"column":64},"end":{"line":243,"column":null}}],"line":243},"28":{"loc":{"start":{"line":244,"column":19},"end":{"line":244,"column":null}},"type":"binary-expr","locations":[{"start":{"line":244,"column":19},"end":{"line":244,"column":65}},{"start":{"line":244,"column":65},"end":{"line":244,"column":null}}],"line":244},"29":{"loc":{"start":{"line":245,"column":21},"end":{"line":245,"column":null}},"type":"binary-expr","locations":[{"start":{"line":245,"column":21},"end":{"line":245,"column":69}},{"start":{"line":245,"column":69},"end":{"line":245,"column":null}}],"line":245},"30":{"loc":{"start":{"line":253,"column":18},"end":{"line":253,"column":null}},"type":"binary-expr","locations":[{"start":{"line":253,"column":18},"end":{"line":253,"column":64}},{"start":{"line":253,"column":64},"end":{"line":253,"column":null}}],"line":253},"31":{"loc":{"start":{"line":254,"column":22},"end":{"line":254,"column":null}},"type":"binary-expr","locations":[{"start":{"line":254,"column":22},"end":{"line":254,"column":65}},{"start":{"line":254,"column":65},"end":{"line":254,"column":null}}],"line":254},"32":{"loc":{"start":{"line":255,"column":24},"end":{"line":255,"column":null}},"type":"binary-expr","locations":[{"start":{"line":255,"column":24},"end":{"line":255,"column":75}},{"start":{"line":255,"column":75},"end":{"line":255,"column":null}}],"line":255},"33":{"loc":{"start":{"line":262,"column":19},"end":{"line":262,"column":null}},"type":"binary-expr","locations":[{"start":{"line":262,"column":19},"end":{"line":262,"column":65}},{"start":{"line":262,"column":65},"end":{"line":262,"column":null}}],"line":262},"34":{"loc":{"start":{"line":263,"column":23},"end":{"line":263,"column":null}},"type":"binary-expr","locations":[{"start":{"line":263,"column":23},"end":{"line":263,"column":73}},{"start":{"line":263,"column":73},"end":{"line":263,"column":null}}],"line":263},"35":{"loc":{"start":{"line":264,"column":21},"end":{"line":264,"column":null}},"type":"binary-expr","locations":[{"start":{"line":264,"column":21},"end":{"line":264,"column":69}},{"start":{"line":264,"column":69},"end":{"line":264,"column":null}}],"line":264},"36":{"loc":{"start":{"line":266,"column":22},"end":{"line":266,"column":null}},"type":"cond-expr","locations":[{"start":{"line":266,"column":62},"end":{"line":266,"column":110}},{"start":{"line":266,"column":110},"end":{"line":266,"column":null}}],"line":266},"37":{"loc":{"start":{"line":267,"column":22},"end":{"line":267,"column":null}},"type":"binary-expr","locations":[{"start":{"line":267,"column":22},"end":{"line":267,"column":65}},{"start":{"line":267,"column":65},"end":{"line":267,"column":null}}],"line":267},"38":{"loc":{"start":{"line":268,"column":24},"end":{"line":268,"column":null}},"type":"binary-expr","locations":[{"start":{"line":268,"column":24},"end":{"line":268,"column":75}},{"start":{"line":268,"column":75},"end":{"line":268,"column":null}}],"line":268},"39":{"loc":{"start":{"line":275,"column":18},"end":{"line":275,"column":null}},"type":"binary-expr","locations":[{"start":{"line":275,"column":18},"end":{"line":275,"column":64}},{"start":{"line":275,"column":64},"end":{"line":275,"column":null}}],"line":275},"40":{"loc":{"start":{"line":276,"column":18},"end":{"line":276,"column":null}},"type":"binary-expr","locations":[{"start":{"line":276,"column":18},"end":{"line":276,"column":56}},{"start":{"line":276,"column":56},"end":{"line":276,"column":null}}],"line":276},"41":{"loc":{"start":{"line":277,"column":20},"end":{"line":277,"column":null}},"type":"binary-expr","locations":[{"start":{"line":277,"column":20},"end":{"line":277,"column":51}},{"start":{"line":277,"column":51},"end":{"line":277,"column":null}}],"line":277},"42":{"loc":{"start":{"line":277,"column":87},"end":{"line":277,"column":136}},"type":"binary-expr","locations":[{"start":{"line":277,"column":87},"end":{"line":277,"column":133}},{"start":{"line":277,"column":133},"end":{"line":277,"column":136}}],"line":277},"43":{"loc":{"start":{"line":284,"column":19},"end":{"line":284,"column":null}},"type":"binary-expr","locations":[{"start":{"line":284,"column":19},"end":{"line":284,"column":65}},{"start":{"line":284,"column":65},"end":{"line":284,"column":null}}],"line":284},"44":{"loc":{"start":{"line":285,"column":23},"end":{"line":285,"column":null}},"type":"cond-expr","locations":[{"start":{"line":285,"column":59},"end":{"line":285,"column":103}},{"start":{"line":285,"column":103},"end":{"line":285,"column":null}}],"line":285},"45":{"loc":{"start":{"line":286,"column":19},"end":{"line":286,"column":null}},"type":"binary-expr","locations":[{"start":{"line":286,"column":19},"end":{"line":286,"column":65}},{"start":{"line":286,"column":65},"end":{"line":286,"column":null}}],"line":286},"46":{"loc":{"start":{"line":296,"column":8},"end":{"line":296,"column":null}},"type":"if","locations":[{"start":{"line":296,"column":8},"end":{"line":296,"column":null}},{"start":{},"end":{}}],"line":296}},"s":{"0":1,"1":1,"2":19,"3":18,"4":1,"5":19,"6":1,"7":1,"8":1,"9":0,"10":1,"11":1,"12":2,"13":2,"14":0,"15":2,"16":1,"17":1,"18":1,"19":1,"20":0,"21":1,"22":1,"23":1,"24":1,"25":0,"26":0,"27":0,"28":0,"29":7,"30":7,"31":0,"32":7,"33":7,"34":7,"35":7,"36":7,"37":7,"38":7,"39":7,"40":7,"41":7,"42":0,"43":0,"44":3,"45":3,"46":0,"47":3,"48":3,"49":3,"50":1,"51":1,"52":0,"53":1,"54":1,"55":1,"56":1,"57":1,"58":0,"59":1,"60":1,"61":1,"62":1,"63":1,"64":0,"65":1,"66":1,"67":1,"68":1,"69":1,"70":0,"71":1,"72":1,"73":1,"74":2,"75":2,"76":2,"77":0,"78":2,"79":2,"80":0,"81":2,"82":2,"83":2,"84":0,"85":0,"86":1,"87":1,"88":1,"89":0,"90":1,"91":1,"92":1,"93":1,"94":0,"95":0,"96":3,"97":3,"98":0,"99":3,"100":3,"101":0,"102":0,"103":3,"104":1,"105":1,"106":1,"107":1,"108":0,"109":0,"110":0,"111":0,"112":0,"113":0,"114":0,"115":1},"f":{"0":1,"1":19,"2":1,"3":2,"4":0,"5":7,"6":3,"7":3,"8":1,"9":1,"10":1,"11":1,"12":1,"13":1,"14":1,"15":1,"16":2,"17":1,"18":3,"19":3,"20":1,"21":1,"22":1,"23":1,"24":0,"25":0},"b":{"0":[18,1],"1":[1,18],"2":[0,1],"3":[0,2],"4":[1,1],"5":[2,1],"6":[1,0],"7":[1,1],"8":[0,0],"9":[0,7],"10":[0,3],"11":[0,1],"12":[0,1],"13":[0,1],"14":[0,1],"15":[0,2],"16":[2,2],"17":[2,0],"18":[2,2],"19":[2,0],"20":[0,2],"21":[0,1],"22":[1,1],"23":[1,0],"24":[1,0],"25":[1,1],"26":[0,3],"27":[3,1],"28":[3,2],"29":[3,2],"30":[1,0],"31":[1,1],"32":[1,1],"33":[1,0],"34":[1,1],"35":[1,1],"36":[0,1],"37":[1,1],"38":[1,1],"39":[1,0],"40":[1,1],"41":[1,1],"42":[1,0],"43":[1,0],"44":[0,1],"45":[1,1],"46":[0,0]},"meta":{"lastBranch":47,"lastFunction":26,"lastStatement":116,"seen":{"f:9:0:9:6":0,"s:10:4:10:Infinity":0,"s:11:4:11:Infinity":1,"f:13:12:13:45":1,"b:14:8:14:Infinity:undefined:undefined:undefined:undefined":0,"s:14:8:14:Infinity":2,"s:14:25:14:Infinity":3,"s:15:22:15:Infinity":4,"b:16:8:18:Infinity:undefined:undefined:undefined:undefined":1,"s:16:8:18:Infinity":5,"s:17:12:17:Infinity":6,"s:19:8:19:Infinity":7,"f:25:4:25:20":2,"b:26:8:26:Infinity:undefined:undefined:undefined:undefined":2,"s:26:8:26:Infinity":8,"s:26:35:26:Infinity":9,"s:28:8:28:Infinity":10,"s:30:8:53:Infinity":11,"f:31:86:31:93":3,"s:32:29:32:Infinity":12,"b:33:16:33:Infinity:undefined:undefined:undefined:undefined":3,"s:33:16:33:Infinity":13,"s:33:27:33:Infinity":14,"b:35:16:51:Infinity:44:16:51:Infinity":4,"s:35:16:51:Infinity":15,"b:35:20:35:54:35:54:35:71":5,"s:36:20:36:Infinity":16,"s:37:20:43:Infinity":17,"s:38:43:38:Infinity":18,"s:40:24:40:Infinity":19,"s:42:24:42:Infinity":20,"b:44:16:51:Infinity:undefined:undefined:undefined:undefined":6,"s:44:16:51:Infinity":21,"b:44:27:44:61:44:61:44:77":7,"s:45:20:45:Infinity":22,"s:46:20:50:Infinity":23,"s:47:24:47:Infinity":24,"s:49:24:49:Infinity":25,"f:56:4:56:19":4,"b:57:8:60:Infinity:undefined:undefined:undefined:undefined":8,"s:57:8:60:Infinity":26,"s:58:12:58:Infinity":27,"s:59:12:59:Infinity":28,"f:66:18:66:32":5,"s:67:23:67:Infinity":29,"b:68:8:68:Infinity:undefined:undefined:undefined:undefined":9,"s:68:8:68:Infinity":30,"s:68:21:68:Infinity":31,"s:70:29:70:Infinity":32,"s:71:22:71:Infinity":33,"s:72:41:72:Infinity":34,"s:74:8:88:Infinity":35,"s:75:12:83:Infinity":36,"s:76:38:79:Infinity":37,"s:80:16:80:Infinity":38,"s:81:16:81:Infinity":39,"s:82:16:82:Infinity":40,"s:84:12:84:Infinity":41,"s:86:12:86:Infinity":42,"s:87:12:87:Infinity":43,"f:94:10:94:42":6,"s:95:21:95:Infinity":44,"b:96:8:96:Infinity:undefined:undefined:undefined:undefined":10,"s:96:8:96:Infinity":45,"s:96:19:96:Infinity":46,"s:98:24:98:Infinity":47,"s:99:8:99:Infinity":48,"f:99:27:99:35":7,"s:99:35:99:55":49,"f:105:10:105:44":8,"s:106:21:106:Infinity":50,"b:107:8:107:Infinity:undefined:undefined:undefined:undefined":11,"s:107:8:107:Infinity":51,"s:107:19:107:Infinity":52,"s:109:24:109:Infinity":53,"s:110:8:110:Infinity":54,"f:110:27:110:35":9,"s:110:35:110:56":55,"f:116:10:116:38":10,"s:117:21:117:Infinity":56,"b:118:8:118:Infinity:undefined:undefined:undefined:undefined":12,"s:118:8:118:Infinity":57,"s:118:19:118:Infinity":58,"s:120:24:120:Infinity":59,"s:121:8:121:Infinity":60,"f:121:27:121:35":11,"s:121:35:121:53":61,"f:127:10:127:36":12,"s:128:21:128:Infinity":62,"b:129:8:129:Infinity:undefined:undefined:undefined:undefined":13,"s:129:8:129:Infinity":63,"s:129:19:129:Infinity":64,"s:131:24:131:Infinity":65,"s:132:8:132:Infinity":66,"f:132:27:132:35":13,"s:132:35:132:59":67,"f:138:10:138:50":14,"s:139:21:139:Infinity":68,"b:140:8:140:Infinity:undefined:undefined:undefined:undefined":14,"s:140:8:140:Infinity":69,"s:140:19:140:Infinity":70,"s:142:24:142:Infinity":71,"s:143:8:143:Infinity":72,"f:143:27:143:35":15,"s:143:35:143:62":73,"f:149:10:149:21":16,"s:150:23:150:Infinity":74,"s:151:21:151:Infinity":75,"b:152:8:152:Infinity:undefined:undefined:undefined:undefined":15,"s:152:8:152:Infinity":76,"b:152:12:152:23:152:23:152:30":16,"s:152:30:152:Infinity":77,"s:154:32:164:Infinity":78,"b:156:43:156:57:156:57:156:68":17,"b:159:32:159:47:159:47:159:54":18,"b:162:32:162:49:162:49:162:58":19,"b:166:8:170:Infinity:undefined:undefined:undefined:undefined":20,"s:166:8:170:Infinity":79,"s:167:12:169:Infinity":80,"s:172:8:181:Infinity":81,"s:173:29:176:Infinity":82,"s:177:12:177:Infinity":83,"s:179:12:179:Infinity":84,"s:180:12:180:Infinity":85,"f:187:10:187:23":17,"s:188:23:188:Infinity":86,"s:189:21:189:Infinity":87,"b:190:8:190:Infinity:undefined:undefined:undefined:undefined":21,"s:190:8:190:Infinity":88,"b:190:12:190:23:190:23:190:30":22,"s:190:30:190:Infinity":89,"s:192:32:202:Infinity":90,"b:194:43:194:62:194:62:194:75":23,"b:197:32:197:51:197:51:197:59":24,"b:200:32:200:53:200:53:200:62":25,"s:204:8:213:Infinity":91,"s:205:29:208:Infinity":92,"s:209:12:209:Infinity":93,"s:211:12:211:Infinity":94,"s:212:12:212:Infinity":95,"f:219:10:219:27":18,"s:220:23:220:Infinity":96,"b:221:8:221:Infinity:undefined:undefined:undefined:undefined":26,"s:221:8:221:Infinity":97,"s:221:21:221:Infinity":98,"s:223:8:235:Infinity":99,"s:224:12:231:Infinity":100,"s:233:12:233:Infinity":101,"s:234:12:234:Infinity":102,"f:240:12:240:22":19,"s:241:8:247:Infinity":103,"b:243:18:243:64:243:64:243:Infinity":27,"b:244:19:244:65:244:65:244:Infinity":28,"b:245:21:245:69:245:69:245:Infinity":29,"f:250:12:250:23":20,"s:251:8:256:Infinity":104,"b:253:18:253:64:253:64:253:Infinity":30,"b:254:22:254:65:254:65:254:Infinity":31,"b:255:24:255:75:255:75:255:Infinity":32,"f:259:12:259:20":21,"s:260:8:269:Infinity":105,"b:262:19:262:65:262:65:262:Infinity":33,"b:263:23:263:73:263:73:263:Infinity":34,"b:264:21:264:69:264:69:264:Infinity":35,"b:266:62:266:110:266:110:266:Infinity":36,"b:267:22:267:65:267:65:267:Infinity":37,"b:268:24:268:75:268:75:268:Infinity":38,"f:272:12:272:26":22,"s:273:8:278:Infinity":106,"b:275:18:275:64:275:64:275:Infinity":39,"b:276:18:276:56:276:56:276:Infinity":40,"b:277:20:277:51:277:51:277:Infinity":41,"b:277:87:277:133:277:133:277:136":42,"f:281:12:281:29":23,"s:282:8:287:Infinity":107,"b:284:19:284:65:284:65:284:Infinity":43,"b:285:59:285:103:285:103:285:Infinity":44,"b:286:19:286:65:286:65:286:Infinity":45,"f:293:10:293:29":24,"s:294:8:294:Infinity":108,"s:295:27:295:Infinity":109,"b:296:8:296:Infinity:undefined:undefined:undefined:undefined":46,"s:296:8:296:Infinity":110,"s:296:25:296:Infinity":111,"s:297:25:301:Infinity":112,"s:302:8:302:Infinity":113,"f:305:10:305:26":25,"s:306:8:306:Infinity":114,"s:310:29:310:Infinity":115}}}
,"/Users/astursadeth/multiversa-lab/portality/services/ragService.ts": {"path":"/Users/astursadeth/multiversa-lab/portality/services/ragService.ts","statementMap":{"0":{"start":{"line":5,"column":45},"end":{"line":5,"column":null}},"1":{"start":{"line":8,"column":24},"end":{"line":8,"column":null}},"2":{"start":{"line":11,"column":27},"end":{"line":11,"column":null}},"3":{"start":{"line":12,"column":27},"end":{"line":12,"column":null}},"4":{"start":{"line":14,"column":26},"end":{"line":251,"column":null}},"5":{"start":{"line":20,"column":8},"end":{"line":20,"column":null}},"6":{"start":{"line":34,"column":8},"end":{"line":34,"column":null}},"7":{"start":{"line":36,"column":8},"end":{"line":39,"column":null}},"8":{"start":{"line":37,"column":12},"end":{"line":37,"column":null}},"9":{"start":{"line":38,"column":12},"end":{"line":38,"column":null}},"10":{"start":{"line":41,"column":8},"end":{"line":41,"column":null}},"11":{"start":{"line":42,"column":8},"end":{"line":42,"column":null}},"12":{"start":{"line":42,"column":31},"end":{"line":42,"column":49}},"13":{"start":{"line":44,"column":23},"end":{"line":44,"column":null}},"14":{"start":{"line":44,"column":58},"end":{"line":44,"column":71}},"15":{"start":{"line":46,"column":43},"end":{"line":56,"column":null}},"16":{"start":{"line":58,"column":8},"end":{"line":97,"column":null}},"17":{"start":{"line":59,"column":12},"end":{"line":59,"column":null}},"18":{"start":{"line":60,"column":43},"end":{"line":69,"column":null}},"19":{"start":{"line":71,"column":12},"end":{"line":71,"column":null}},"20":{"start":{"line":71,"column":29},"end":{"line":71,"column":null}},"21":{"start":{"line":73,"column":12},"end":{"line":73,"column":null}},"22":{"start":{"line":74,"column":38},"end":{"line":74,"column":null}},"23":{"start":{"line":77,"column":12},"end":{"line":91,"column":null}},"24":{"start":{"line":77,"column":25},"end":{"line":77,"column":28}},"25":{"start":{"line":78,"column":30},"end":{"line":78,"column":null}},"26":{"start":{"line":79,"column":16},"end":{"line":90,"column":null}},"27":{"start":{"line":80,"column":38},"end":{"line":80,"column":null}},"28":{"start":{"line":81,"column":20},"end":{"line":87,"column":null}},"29":{"start":{"line":89,"column":20},"end":{"line":89,"column":null}},"30":{"start":{"line":93,"column":12},"end":{"line":93,"column":null}},"31":{"start":{"line":95,"column":12},"end":{"line":95,"column":null}},"32":{"start":{"line":96,"column":12},"end":{"line":96,"column":null}},"33":{"start":{"line":99,"column":8},"end":{"line":99,"column":null}},"34":{"start":{"line":103,"column":8},"end":{"line":116,"column":null}},"35":{"start":{"line":104,"column":32},"end":{"line":104,"column":null}},"36":{"start":{"line":105,"column":12},"end":{"line":115,"column":null}},"37":{"start":{"line":106,"column":31},"end":{"line":106,"column":null}},"38":{"start":{"line":107,"column":16},"end":{"line":110,"column":null}},"39":{"start":{"line":108,"column":36},"end":{"line":108,"column":null}},"40":{"start":{"line":109,"column":20},"end":{"line":109,"column":null}},"41":{"start":{"line":111,"column":16},"end":{"line":111,"column":null}},"42":{"start":{"line":113,"column":40},"end":{"line":113,"column":null}},"43":{"start":{"line":114,"column":16},"end":{"line":114,"column":null}},"44":{"start":{"line":123,"column":8},"end":{"line":123,"column":null}},"45":{"start":{"line":124,"column":26},"end":{"line":124,"column":null}},"46":{"start":{"line":126,"column":8},"end":{"line":166,"column":null}},"47":{"start":{"line":128,"column":79},"end":{"line":133,"column":null}},"48":{"start":{"line":135,"column":45},"end":{"line":135,"column":null}},"49":{"start":{"line":138,"column":12},"end":{"line":140,"column":null}},"50":{"start":{"line":139,"column":16},"end":{"line":139,"column":null}},"51":{"start":{"line":143,"column":12},"end":{"line":145,"column":null}},"52":{"start":{"line":144,"column":16},"end":{"line":144,"column":null}},"53":{"start":{"line":148,"column":12},"end":{"line":152,"column":null}},"54":{"start":{"line":149,"column":16},"end":{"line":151,"column":null}},"55":{"start":{"line":150,"column":20},"end":{"line":150,"column":null}},"56":{"start":{"line":154,"column":29},"end":{"line":154,"column":null}},"57":{"start":{"line":155,"column":12},"end":{"line":155,"column":null}},"58":{"start":{"line":157,"column":12},"end":{"line":159,"column":null}},"59":{"start":{"line":158,"column":16},"end":{"line":158,"column":null}},"60":{"start":{"line":161,"column":12},"end":{"line":161,"column":null}},"61":{"start":{"line":164,"column":12},"end":{"line":164,"column":null}},"62":{"start":{"line":165,"column":12},"end":{"line":165,"column":null}},"63":{"start":{"line":173,"column":8},"end":{"line":173,"column":null}},"64":{"start":{"line":173,"column":29},"end":{"line":173,"column":null}},"65":{"start":{"line":175,"column":8},"end":{"line":195,"column":null}},"66":{"start":{"line":176,"column":28},"end":{"line":176,"column":null}},"67":{"start":{"line":177,"column":12},"end":{"line":181,"column":null}},"68":{"start":{"line":178,"column":42},"end":{"line":178,"column":null}},"69":{"start":{"line":179,"column":16},"end":{"line":179,"column":null}},"70":{"start":{"line":180,"column":16},"end":{"line":180,"column":null}},"71":{"start":{"line":183,"column":36},"end":{"line":188,"column":null}},"72":{"start":{"line":190,"column":12},"end":{"line":190,"column":null}},"73":{"start":{"line":190,"column":23},"end":{"line":190,"column":null}},"74":{"start":{"line":191,"column":12},"end":{"line":191,"column":null}},"75":{"start":{"line":191,"column":50},"end":{"line":191,"column":132}},"76":{"start":{"line":193,"column":12},"end":{"line":193,"column":null}},"77":{"start":{"line":194,"column":12},"end":{"line":194,"column":null}},"78":{"start":{"line":202,"column":34},"end":{"line":202,"column":null}},"79":{"start":{"line":203,"column":22},"end":{"line":203,"column":null}},"80":{"start":{"line":203,"column":65},"end":{"line":203,"column":77}},"81":{"start":{"line":204,"column":8},"end":{"line":204,"column":null}},"82":{"start":{"line":204,"column":32},"end":{"line":204,"column":null}},"83":{"start":{"line":206,"column":8},"end":{"line":215,"column":null}},"84":{"start":{"line":207,"column":29},"end":{"line":207,"column":null}},"85":{"start":{"line":208,"column":12},"end":{"line":214,"column":null}},"86":{"start":{"line":209,"column":16},"end":{"line":213,"column":null}},"87":{"start":{"line":210,"column":20},"end":{"line":212,"column":null}},"88":{"start":{"line":210,"column":40},"end":{"line":210,"column":76}},"89":{"start":{"line":211,"column":24},"end":{"line":211,"column":null}},"90":{"start":{"line":217,"column":8},"end":{"line":217,"column":null}},"91":{"start":{"line":224,"column":27},"end":{"line":224,"column":null}},"92":{"start":{"line":227,"column":8},"end":{"line":227,"column":null}},"93":{"start":{"line":234,"column":22},"end":{"line":234,"column":null}},"94":{"start":{"line":235,"column":8},"end":{"line":235,"column":null}},"95":{"start":{"line":235,"column":20},"end":{"line":235,"column":null}},"96":{"start":{"line":237,"column":8},"end":{"line":249,"column":null}},"97":{"start":{"line":238,"column":29},"end":{"line":238,"column":null}},"98":{"start":{"line":239,"column":12},"end":{"line":246,"column":null}},"99":{"start":{"line":239,"column":44},"end":{"line":246,"column":14}},"100":{"start":{"line":248,"column":12},"end":{"line":248,"column":null}}},"fnMap":{"0":{"name":"(anonymous_0)","decl":{"start":{"line":19,"column":4},"end":{"line":19,"column":58}},"loc":{"start":{"line":19,"column":58},"end":{"line":21,"column":null}},"line":19},"1":{"name":"(anonymous_1)","decl":{"start":{"line":26,"column":10},"end":{"line":26,"column":null}},"loc":{"start":{"line":33,"column":32},"end":{"line":100,"column":null}},"line":33},"2":{"name":"(anonymous_2)","decl":{"start":{"line":42,"column":26},"end":{"line":42,"column":31}},"loc":{"start":{"line":42,"column":31},"end":{"line":42,"column":49}},"line":42},"3":{"name":"(anonymous_3)","decl":{"start":{"line":44,"column":53},"end":{"line":44,"column":58}},"loc":{"start":{"line":44,"column":58},"end":{"line":44,"column":71}},"line":44},"4":{"name":"(anonymous_4)","decl":{"start":{"line":102,"column":10},"end":{"line":102,"column":21}},"loc":{"start":{"line":102,"column":132},"end":{"line":117,"column":null}},"line":102},"5":{"name":"(anonymous_5)","decl":{"start":{"line":103,"column":27},"end":{"line":103,"column":28}},"loc":{"start":{"line":103,"column":40},"end":{"line":116,"column":9}},"line":103},"6":{"name":"(anonymous_6)","decl":{"start":{"line":107,"column":32},"end":{"line":107,"column":33}},"loc":{"start":{"line":107,"column":39},"end":{"line":110,"column":null}},"line":107},"7":{"name":"(anonymous_7)","decl":{"start":{"line":122,"column":10},"end":{"line":122,"column":26}},"loc":{"start":{"line":122,"column":97},"end":{"line":167,"column":null}},"line":122},"8":{"name":"(anonymous_8)","decl":{"start":{"line":148,"column":31},"end":{"line":148,"column":38}},"loc":{"start":{"line":148,"column":38},"end":{"line":152,"column":13}},"line":148},"9":{"name":"(anonymous_9)","decl":{"start":{"line":172,"column":10},"end":{"line":172,"column":30}},"loc":{"start":{"line":172,"column":89},"end":{"line":196,"column":null}},"line":172},"10":{"name":"(anonymous_10)","decl":{"start":{"line":191,"column":36},"end":{"line":191,"column":37}},"loc":{"start":{"line":191,"column":50},"end":{"line":191,"column":132}},"line":191},"11":{"name":"(anonymous_11)","decl":{"start":{"line":201,"column":10},"end":{"line":201,"column":31}},"loc":{"start":{"line":201,"column":65},"end":{"line":218,"column":null}},"line":201},"12":{"name":"(anonymous_12)","decl":{"start":{"line":203,"column":60},"end":{"line":203,"column":65}},"loc":{"start":{"line":203,"column":65},"end":{"line":203,"column":77}},"line":203},"13":{"name":"(anonymous_13)","decl":{"start":{"line":209,"column":29},"end":{"line":209,"column":34}},"loc":{"start":{"line":209,"column":34},"end":{"line":213,"column":17}},"line":209},"14":{"name":"(anonymous_14)","decl":{"start":{"line":210,"column":35},"end":{"line":210,"column":40}},"loc":{"start":{"line":210,"column":40},"end":{"line":210,"column":76}},"line":210},"15":{"name":"(anonymous_15)","decl":{"start":{"line":223,"column":10},"end":{"line":223,"column":23}},"loc":{"start":{"line":223,"column":87},"end":{"line":228,"column":null}},"line":223},"16":{"name":"(anonymous_16)","decl":{"start":{"line":233,"column":10},"end":{"line":233,"column":24}},"loc":{"start":{"line":233,"column":61},"end":{"line":250,"column":null}},"line":233},"17":{"name":"(anonymous_17)","decl":{"start":{"line":239,"column":36},"end":{"line":239,"column":44}},"loc":{"start":{"line":239,"column":44},"end":{"line":246,"column":14}},"line":239}},"branchMap":{"0":{"loc":{"start":{"line":31,"column":8},"end":{"line":31,"column":null}},"type":"default-arg","locations":[{"start":{"line":31,"column":44},"end":{"line":31,"column":null}}],"line":31},"1":{"loc":{"start":{"line":36,"column":8},"end":{"line":39,"column":null}},"type":"if","locations":[{"start":{"line":36,"column":8},"end":{"line":39,"column":null}},{"start":{},"end":{}}],"line":36},"2":{"loc":{"start":{"line":71,"column":12},"end":{"line":71,"column":null}},"type":"if","locations":[{"start":{"line":71,"column":12},"end":{"line":71,"column":null}},{"start":{},"end":{}}],"line":71},"3":{"loc":{"start":{"line":104,"column":32},"end":{"line":104,"column":null}},"type":"binary-expr","locations":[{"start":{"line":104,"column":32},"end":{"line":104,"column":62}},{"start":{"line":104,"column":62},"end":{"line":104,"column":91}},{"start":{"line":104,"column":91},"end":{"line":104,"column":null}}],"line":104},"4":{"loc":{"start":{"line":105,"column":12},"end":{"line":115,"column":null}},"type":"if","locations":[{"start":{"line":105,"column":12},"end":{"line":115,"column":null}},{"start":{"line":112,"column":19},"end":{"line":115,"column":null}}],"line":105},"5":{"loc":{"start":{"line":138,"column":12},"end":{"line":140,"column":null}},"type":"if","locations":[{"start":{"line":138,"column":12},"end":{"line":140,"column":null}},{"start":{},"end":{}}],"line":138},"6":{"loc":{"start":{"line":143,"column":12},"end":{"line":145,"column":null}},"type":"if","locations":[{"start":{"line":143,"column":12},"end":{"line":145,"column":null}},{"start":{},"end":{}}],"line":143},"7":{"loc":{"start":{"line":149,"column":16},"end":{"line":151,"column":null}},"type":"if","locations":[{"start":{"line":149,"column":16},"end":{"line":151,"column":null}},{"start":{},"end":{}}],"line":149},"8":{"loc":{"start":{"line":149,"column":20},"end":{"line":149,"column":134}},"type":"binary-expr","locations":[{"start":{"line":149,"column":20},"end":{"line":149,"column":77}},{"start":{"line":149,"column":77},"end":{"line":149,"column":134}}],"line":149},"9":{"loc":{"start":{"line":157,"column":12},"end":{"line":159,"column":null}},"type":"if","locations":[{"start":{"line":157,"column":12},"end":{"line":159,"column":null}},{"start":{},"end":{}}],"line":157},"10":{"loc":{"start":{"line":173,"column":8},"end":{"line":173,"column":null}},"type":"if","locations":[{"start":{"line":173,"column":8},"end":{"line":173,"column":null}},{"start":{},"end":{}}],"line":173},"11":{"loc":{"start":{"line":177,"column":12},"end":{"line":181,"column":null}},"type":"if","locations":[{"start":{"line":177,"column":12},"end":{"line":181,"column":null}},{"start":{},"end":{}}],"line":177},"12":{"loc":{"start":{"line":190,"column":12},"end":{"line":190,"column":null}},"type":"if","locations":[{"start":{"line":190,"column":12},"end":{"line":190,"column":null}},{"start":{},"end":{}}],"line":190},"13":{"loc":{"start":{"line":191,"column":20},"end":{"line":191,"column":32}},"type":"binary-expr","locations":[{"start":{"line":191,"column":20},"end":{"line":191,"column":28}},{"start":{"line":191,"column":28},"end":{"line":191,"column":32}}],"line":191},"14":{"loc":{"start":{"line":191,"column":61},"end":{"line":191,"column":96}},"type":"binary-expr","locations":[{"start":{"line":191,"column":61},"end":{"line":191,"column":85}},{"start":{"line":191,"column":85},"end":{"line":191,"column":96}}],"line":191},"15":{"loc":{"start":{"line":204,"column":8},"end":{"line":204,"column":null}},"type":"if","locations":[{"start":{"line":204,"column":8},"end":{"line":204,"column":null}},{"start":{},"end":{}}],"line":204},"16":{"loc":{"start":{"line":208,"column":12},"end":{"line":214,"column":null}},"type":"if","locations":[{"start":{"line":208,"column":12},"end":{"line":214,"column":null}},{"start":{},"end":{}}],"line":208},"17":{"loc":{"start":{"line":210,"column":20},"end":{"line":212,"column":null}},"type":"if","locations":[{"start":{"line":210,"column":20},"end":{"line":212,"column":null}},{"start":{},"end":{}}],"line":210},"18":{"loc":{"start":{"line":224,"column":27},"end":{"line":224,"column":null}},"type":"binary-expr","locations":[{"start":{"line":224,"column":27},"end":{"line":224,"column":67}},{"start":{"line":224,"column":67},"end":{"line":224,"column":null}}],"line":224},"19":{"loc":{"start":{"line":235,"column":8},"end":{"line":235,"column":null}},"type":"if","locations":[{"start":{"line":235,"column":8},"end":{"line":235,"column":null}},{"start":{},"end":{}}],"line":235},"20":{"loc":{"start":{"line":239,"column":20},"end":{"line":239,"column":32}},"type":"binary-expr","locations":[{"start":{"line":239,"column":20},"end":{"line":239,"column":28}},{"start":{"line":239,"column":28},"end":{"line":239,"column":32}}],"line":239},"21":{"loc":{"start":{"line":242,"column":25},"end":{"line":242,"column":null}},"type":"binary-expr","locations":[{"start":{"line":242,"column":25},"end":{"line":242,"column":40}},{"start":{"line":242,"column":40},"end":{"line":242,"column":null}}],"line":242},"22":{"loc":{"start":{"line":243,"column":21},"end":{"line":243,"column":null}},"type":"binary-expr","locations":[{"start":{"line":243,"column":21},"end":{"line":243,"column":32}},{"start":{"line":243,"column":32},"end":{"line":243,"column":null}}],"line":243},"23":{"loc":{"start":{"line":245,"column":22},"end":{"line":245,"column":null}},"type":"binary-expr","locations":[{"start":{"line":245,"column":22},"end":{"line":245,"column":34}},{"start":{"line":245,"column":34},"end":{"line":245,"column":null}}],"line":245}},"s":{"0":1,"1":1,"2":1,"3":1,"4":1,"5":0,"6":0,"7":0,"8":0,"9":0,"10":0,"11":0,"12":0,"13":0,"14":0,"15":0,"16":0,"17":0,"18":0,"19":0,"20":0,"21":0,"22":0,"23":0,"24":0,"25":0,"26":0,"27":0,"28":0,"29":0,"30":0,"31":0,"32":0,"33":0,"34":0,"35":0,"36":0,"37":0,"38":0,"39":0,"40":0,"41":0,"42":0,"43":0,"44":1,"45":1,"46":1,"47":1,"48":1,"49":1,"50":0,"51":1,"52":1,"53":1,"54":0,"55":0,"56":1,"57":1,"58":1,"59":1,"60":0,"61":0,"62":0,"63":1,"64":0,"65":1,"66":1,"67":1,"68":1,"69":1,"70":1,"71":1,"72":1,"73":0,"74":1,"75":0,"76":0,"77":0,"78":1,"79":1,"80":2,"81":1,"82":0,"83":1,"84":1,"85":1,"86":1,"87":0,"88":0,"89":0,"90":1,"91":1,"92":1,"93":1,"94":1,"95":0,"96":1,"97":1,"98":0,"99":0,"100":1},"f":{"0":0,"1":0,"2":0,"3":0,"4":0,"5":0,"6":0,"7":1,"8":0,"9":1,"10":0,"11":1,"12":2,"13":0,"14":0,"15":1,"16":1,"17":0},"b":{"0":[0],"1":[0,0],"2":[0,0],"3":[0,0,0],"4":[0,0],"5":[0,1],"6":[1,0],"7":[0,0],"8":[0,0],"9":[1,0],"10":[0,1],"11":[1,0],"12":[0,1],"13":[1,0],"14":[0,0],"15":[0,1],"16":[1,0],"17":[0,0],"18":[1,1],"19":[0,1],"20":[0,0],"21":[0,0],"22":[0,0],"23":[0,0]},"meta":{"lastBranch":24,"lastFunction":18,"lastStatement":101,"seen":{"s:5:45:5:Infinity":0,"s:8:24:8:Infinity":1,"s:11:27:11:Infinity":2,"s:12:27:12:Infinity":3,"s:14:26:251:Infinity":4,"f:19:4:19:58":0,"s:20:8:20:Infinity":5,"f:26:10:26:Infinity":1,"b:31:44:31:Infinity":0,"s:34:8:34:Infinity":6,"b:36:8:39:Infinity:undefined:undefined:undefined:undefined":1,"s:36:8:39:Infinity":7,"s:37:12:37:Infinity":8,"s:38:12:38:Infinity":9,"s:41:8:41:Infinity":10,"s:42:8:42:Infinity":11,"f:42:26:42:31":2,"s:42:31:42:49":12,"s:44:23:44:Infinity":13,"f:44:53:44:58":3,"s:44:58:44:71":14,"s:46:43:56:Infinity":15,"s:58:8:97:Infinity":16,"s:59:12:59:Infinity":17,"s:60:43:69:Infinity":18,"b:71:12:71:Infinity:undefined:undefined:undefined:undefined":2,"s:71:12:71:Infinity":19,"s:71:29:71:Infinity":20,"s:73:12:73:Infinity":21,"s:74:38:74:Infinity":22,"s:77:12:91:Infinity":23,"s:77:25:77:28":24,"s:78:30:78:Infinity":25,"s:79:16:90:Infinity":26,"s:80:38:80:Infinity":27,"s:81:20:87:Infinity":28,"s:89:20:89:Infinity":29,"s:93:12:93:Infinity":30,"s:95:12:95:Infinity":31,"s:96:12:96:Infinity":32,"s:99:8:99:Infinity":33,"f:102:10:102:21":4,"s:103:8:116:Infinity":34,"f:103:27:103:28":5,"s:104:32:104:Infinity":35,"b:104:32:104:62:104:62:104:91:104:91:104:Infinity":3,"b:105:12:115:Infinity:112:19:115:Infinity":4,"s:105:12:115:Infinity":36,"s:106:31:106:Infinity":37,"s:107:16:110:Infinity":38,"f:107:32:107:33":6,"s:108:36:108:Infinity":39,"s:109:20:109:Infinity":40,"s:111:16:111:Infinity":41,"s:113:40:113:Infinity":42,"s:114:16:114:Infinity":43,"f:122:10:122:26":7,"s:123:8:123:Infinity":44,"s:124:26:124:Infinity":45,"s:126:8:166:Infinity":46,"s:128:79:133:Infinity":47,"s:135:45:135:Infinity":48,"b:138:12:140:Infinity:undefined:undefined:undefined:undefined":5,"s:138:12:140:Infinity":49,"s:139:16:139:Infinity":50,"b:143:12:145:Infinity:undefined:undefined:undefined:undefined":6,"s:143:12:145:Infinity":51,"s:144:16:144:Infinity":52,"s:148:12:152:Infinity":53,"f:148:31:148:38":8,"b:149:16:151:Infinity:undefined:undefined:undefined:undefined":7,"s:149:16:151:Infinity":54,"b:149:20:149:77:149:77:149:134":8,"s:150:20:150:Infinity":55,"s:154:29:154:Infinity":56,"s:155:12:155:Infinity":57,"b:157:12:159:Infinity:undefined:undefined:undefined:undefined":9,"s:157:12:159:Infinity":58,"s:158:16:158:Infinity":59,"s:161:12:161:Infinity":60,"s:164:12:164:Infinity":61,"s:165:12:165:Infinity":62,"f:172:10:172:30":9,"b:173:8:173:Infinity:undefined:undefined:undefined:undefined":10,"s:173:8:173:Infinity":63,"s:173:29:173:Infinity":64,"s:175:8:195:Infinity":65,"s:176:28:176:Infinity":66,"b:177:12:181:Infinity:undefined:undefined:undefined:undefined":11,"s:177:12:181:Infinity":67,"s:178:42:178:Infinity":68,"s:179:16:179:Infinity":69,"s:180:16:180:Infinity":70,"s:183:36:188:Infinity":71,"b:190:12:190:Infinity:undefined:undefined:undefined:undefined":12,"s:190:12:190:Infinity":72,"s:190:23:190:Infinity":73,"s:191:12:191:Infinity":74,"b:191:20:191:28:191:28:191:32":13,"f:191:36:191:37":10,"s:191:50:191:132":75,"b:191:61:191:85:191:85:191:96":14,"s:193:12:193:Infinity":76,"s:194:12:194:Infinity":77,"f:201:10:201:31":11,"s:202:34:202:Infinity":78,"s:203:22:203:Infinity":79,"f:203:60:203:65":12,"s:203:65:203:77":80,"b:204:8:204:Infinity:undefined:undefined:undefined:undefined":15,"s:204:8:204:Infinity":81,"s:204:32:204:Infinity":82,"s:206:8:215:Infinity":83,"s:207:29:207:Infinity":84,"b:208:12:214:Infinity:undefined:undefined:undefined:undefined":16,"s:208:12:214:Infinity":85,"s:209:16:213:Infinity":86,"f:209:29:209:34":13,"b:210:20:212:Infinity:undefined:undefined:undefined:undefined":17,"s:210:20:212:Infinity":87,"f:210:35:210:40":14,"s:210:40:210:76":88,"s:211:24:211:Infinity":89,"s:217:8:217:Infinity":90,"f:223:10:223:23":15,"s:224:27:224:Infinity":91,"b:224:27:224:67:224:67:224:Infinity":18,"s:227:8:227:Infinity":92,"f:233:10:233:24":16,"s:234:22:234:Infinity":93,"b:235:8:235:Infinity:undefined:undefined:undefined:undefined":19,"s:235:8:235:Infinity":94,"s:235:20:235:Infinity":95,"s:237:8:249:Infinity":96,"s:238:29:238:Infinity":97,"s:239:12:246:Infinity":98,"b:239:20:239:28:239:28:239:32":20,"f:239:36:239:44":17,"s:239:44:246:14":99,"b:242:25:242:40:242:40:242:Infinity":21,"b:243:21:243:32:243:32:243:Infinity":22,"b:245:22:245:34:245:34:245:Infinity":23,"s:248:12:248:Infinity":100}}}
,"/Users/astursadeth/multiversa-lab/portality/utils/geminiKeyManager.ts": {"path":"/Users/astursadeth/multiversa-lab/portality/utils/geminiKeyManager.ts","statementMap":{"0":{"start":{"line":16,"column":4},"end":{"line":16,"column":null}},"1":{"start":{"line":17,"column":4},"end":{"line":17,"column":null}},"2":{"start":{"line":18,"column":4},"end":{"line":18,"column":null}},"3":{"start":{"line":19,"column":4},"end":{"line":19,"column":null}},"4":{"start":{"line":23,"column":24},"end":{"line":23,"column":null}},"5":{"start":{"line":24,"column":26},"end":{"line":24,"column":null}},"6":{"start":{"line":26,"column":8},"end":{"line":35,"column":null}},"7":{"start":{"line":27,"column":12},"end":{"line":34,"column":null}},"8":{"start":{"line":29,"column":34},"end":{"line":29,"column":null}},"9":{"start":{"line":30,"column":16},"end":{"line":30,"column":null}},"10":{"start":{"line":31,"column":16},"end":{"line":31,"column":null}},"11":{"start":{"line":33,"column":16},"end":{"line":33,"column":null}},"12":{"start":{"line":37,"column":8},"end":{"line":40,"column":null}},"13":{"start":{"line":38,"column":12},"end":{"line":38,"column":null}},"14":{"start":{"line":39,"column":12},"end":{"line":39,"column":null}},"15":{"start":{"line":44,"column":8},"end":{"line":46,"column":null}},"16":{"start":{"line":45,"column":12},"end":{"line":45,"column":null}},"17":{"start":{"line":47,"column":8},"end":{"line":47,"column":null}},"18":{"start":{"line":51,"column":8},"end":{"line":51,"column":null}},"19":{"start":{"line":55,"column":20},"end":{"line":55,"column":null}},"20":{"start":{"line":56,"column":8},"end":{"line":60,"column":null}},"21":{"start":{"line":57,"column":12},"end":{"line":59,"column":null}},"22":{"start":{"line":58,"column":16},"end":{"line":58,"column":null}},"23":{"start":{"line":64,"column":8},"end":{"line":64,"column":null}},"24":{"start":{"line":65,"column":8},"end":{"line":65,"column":null}},"25":{"start":{"line":65,"column":36},"end":{"line":65,"column":null}},"26":{"start":{"line":67,"column":23},"end":{"line":67,"column":null}},"27":{"start":{"line":68,"column":8},"end":{"line":74,"column":null}},"28":{"start":{"line":69,"column":24},"end":{"line":69,"column":null}},"29":{"start":{"line":70,"column":12},"end":{"line":70,"column":null}},"30":{"start":{"line":70,"column":43},"end":{"line":70,"column":null}},"31":{"start":{"line":72,"column":12},"end":{"line":72,"column":null}},"32":{"start":{"line":73,"column":12},"end":{"line":73,"column":null}},"33":{"start":{"line":75,"column":8},"end":{"line":75,"column":null}},"34":{"start":{"line":79,"column":8},"end":{"line":79,"column":null}},"35":{"start":{"line":80,"column":8},"end":{"line":80,"column":null}},"36":{"start":{"line":81,"column":8},"end":{"line":81,"column":null}},"37":{"start":{"line":85,"column":8},"end":{"line":85,"column":null}},"38":{"start":{"line":86,"column":8},"end":{"line":91,"column":null}},"39":{"start":{"line":89,"column":68},"end":{"line":89,"column":80}},"40":{"start":{"line":95,"column":32},"end":{"line":95,"column":null}}},"fnMap":{"0":{"name":"(anonymous_0)","decl":{"start":{"line":21,"column":12},"end":{"line":21,"column":26}},"loc":{"start":{"line":21,"column":26},"end":{"line":41,"column":null}},"line":21},"1":{"name":"(anonymous_1)","decl":{"start":{"line":43,"column":11},"end":{"line":43,"column":43}},"loc":{"start":{"line":43,"column":43},"end":{"line":48,"column":null}},"line":43},"2":{"name":"(anonymous_2)","decl":{"start":{"line":50,"column":12},"end":{"line":50,"column":17}},"loc":{"start":{"line":50,"column":38},"end":{"line":52,"column":null}},"line":50},"3":{"name":"(anonymous_3)","decl":{"start":{"line":54,"column":12},"end":{"line":54,"column":28}},"loc":{"start":{"line":54,"column":28},"end":{"line":61,"column":null}},"line":54},"4":{"name":"(anonymous_4)","decl":{"start":{"line":63,"column":4},"end":{"line":63,"column":28}},"loc":{"start":{"line":63,"column":28},"end":{"line":76,"column":null}},"line":63},"5":{"name":"(anonymous_5)","decl":{"start":{"line":78,"column":4},"end":{"line":78,"column":16}},"loc":{"start":{"line":78,"column":35},"end":{"line":82,"column":null}},"line":78},"6":{"name":"(anonymous_6)","decl":{"start":{"line":84,"column":4},"end":{"line":84,"column":31}},"loc":{"start":{"line":84,"column":31},"end":{"line":92,"column":null}},"line":84},"7":{"name":"(anonymous_7)","decl":{"start":{"line":89,"column":63},"end":{"line":89,"column":68}},"loc":{"start":{"line":89,"column":68},"end":{"line":89,"column":80}},"line":89}},"branchMap":{"0":{"loc":{"start":{"line":26,"column":8},"end":{"line":35,"column":null}},"type":"if","locations":[{"start":{"line":26,"column":8},"end":{"line":35,"column":null}},{"start":{},"end":{}}],"line":26},"1":{"loc":{"start":{"line":37,"column":8},"end":{"line":40,"column":null}},"type":"if","locations":[{"start":{"line":37,"column":8},"end":{"line":40,"column":null}},{"start":{},"end":{}}],"line":37},"2":{"loc":{"start":{"line":37,"column":12},"end":{"line":37,"column":49}},"type":"binary-expr","locations":[{"start":{"line":37,"column":12},"end":{"line":37,"column":38}},{"start":{"line":37,"column":38},"end":{"line":37,"column":49}}],"line":37},"3":{"loc":{"start":{"line":44,"column":8},"end":{"line":46,"column":null}},"type":"if","locations":[{"start":{"line":44,"column":8},"end":{"line":46,"column":null}},{"start":{},"end":{}}],"line":44},"4":{"loc":{"start":{"line":57,"column":12},"end":{"line":59,"column":null}},"type":"if","locations":[{"start":{"line":57,"column":12},"end":{"line":59,"column":null}},{"start":{},"end":{}}],"line":57},"5":{"loc":{"start":{"line":65,"column":8},"end":{"line":65,"column":null}},"type":"if","locations":[{"start":{"line":65,"column":8},"end":{"line":65,"column":null}},{"start":{},"end":{}}],"line":65},"6":{"loc":{"start":{"line":70,"column":12},"end":{"line":70,"column":null}},"type":"if","locations":[{"start":{"line":70,"column":12},"end":{"line":70,"column":null}},{"start":{},"end":{}}],"line":70},"7":{"loc":{"start":{"line":90,"column":30},"end":{"line":90,"column":null}},"type":"cond-expr","locations":[{"start":{"line":90,"column":61},"end":{"line":90,"column":103}},{"start":{"line":90,"column":103},"end":{"line":90,"column":null}}],"line":90}},"s":{"0":2,"1":2,"2":2,"3":2,"4":2,"5":2,"6":2,"7":2,"8":2,"9":2,"10":2,"11":0,"12":2,"13":0,"14":0,"15":2,"16":2,"17":2,"18":0,"19":2,"20":2,"21":0,"22":0,"23":2,"24":2,"25":0,"26":2,"27":2,"28":2,"29":2,"30":2,"31":0,"32":0,"33":0,"34":0,"35":0,"36":0,"37":0,"38":0,"39":0,"40":2},"f":{"0":2,"1":2,"2":0,"3":2,"4":2,"5":0,"6":0,"7":0},"b":{"0":[2,0],"1":[0,2],"2":[2,0],"3":[2,0],"4":[0,0],"5":[0,2],"6":[2,0],"7":[0,0]},"meta":{"lastBranch":8,"lastFunction":8,"lastStatement":41,"seen":{"f:21:12:21:26":0,"s:16:4:16:Infinity":0,"s:17:4:17:Infinity":1,"s:18:4:18:Infinity":2,"s:19:4:19:Infinity":3,"s:23:24:23:Infinity":4,"s:24:26:24:Infinity":5,"b:26:8:35:Infinity:undefined:undefined:undefined:undefined":0,"s:26:8:35:Infinity":6,"s:27:12:34:Infinity":7,"s:29:34:29:Infinity":8,"s:30:16:30:Infinity":9,"s:31:16:31:Infinity":10,"s:33:16:33:Infinity":11,"b:37:8:40:Infinity:undefined:undefined:undefined:undefined":1,"s:37:8:40:Infinity":12,"b:37:12:37:38:37:38:37:49":2,"s:38:12:38:Infinity":13,"s:39:12:39:Infinity":14,"f:43:11:43:43":1,"b:44:8:46:Infinity:undefined:undefined:undefined:undefined":3,"s:44:8:46:Infinity":15,"s:45:12:45:Infinity":16,"s:47:8:47:Infinity":17,"f:50:12:50:17":2,"s:51:8:51:Infinity":18,"f:54:12:54:28":3,"s:55:20:55:Infinity":19,"s:56:8:60:Infinity":20,"b:57:12:59:Infinity:undefined:undefined:undefined:undefined":4,"s:57:12:59:Infinity":21,"s:58:16:58:Infinity":22,"f:63:4:63:28":4,"s:64:8:64:Infinity":23,"b:65:8:65:Infinity:undefined:undefined:undefined:undefined":5,"s:65:8:65:Infinity":24,"s:65:36:65:Infinity":25,"s:67:23:67:Infinity":26,"s:68:8:74:Infinity":27,"s:69:24:69:Infinity":28,"b:70:12:70:Infinity:undefined:undefined:undefined:undefined":6,"s:70:12:70:Infinity":29,"s:70:43:70:Infinity":30,"s:72:12:72:Infinity":31,"s:73:12:73:Infinity":32,"s:75:8:75:Infinity":33,"f:78:4:78:16":5,"s:79:8:79:Infinity":34,"s:80:8:80:Infinity":35,"s:81:8:81:Infinity":36,"f:84:4:84:31":6,"s:85:8:85:Infinity":37,"s:86:8:91:Infinity":38,"f:89:63:89:68":7,"s:89:68:89:80":39,"b:90:61:90:103:90:103:90:Infinity":7,"s:95:32:95:Infinity":40}}}
}
